1
0
1
ASSEMBLY
1
PART-1-1
PART-1
1
PART-1-1
125
1 1
2 2
3 3
4 4
5 5
6 6
7 7
8 8
9 9
10 10
11 11
12 12
13 13
14 14
15 15
16 16
17 17
18 18
19 19
20 20
21 21
22 22
23 23
24 24
25 25
26 26
27 27
28 28
29 29
30 30
31 31
32 32
33 33
34 34
35 35
36 36
37 37
38 38
39 39
40 40
41 41
42 42
43 43
44 44
45 45
46 46
47 47
48 48
49 49
50 50
51 51
52 52
53 53
54 54
55 55
56 56
57 57
58 58
59 59
60 60
61 61
62 62
63 63
64 64
65 65
66 66
67 67
68 68
69 69
70 70
71 71
72 72
73 73
74 74
75 75
76 76
77 77
78 78
79 79
80 80
81 81
82 82
83 83
84 84
85 85
86 86
87 87
88 88
89 89
90 90
91 91
92 92
93 93
94 94
95 95
96 96
97 97
98 98
99 99
100 100
101 101
102 102
103 103
104 104
105 105
106 106
107 107
108 108
109 109
110 110
111 111
112 112
113 113
114 114
115 115
116 116
117 117
118 118
119 119
120 120
121 121
122 122
123 123
124 124
125 125
1 1
2 2
3 3
4 4
5 5
6 6
7 7
8 8
9 9
10 10
11 11
12 12
13 13
14 14
15 15
16 16
17 17
18 18
19 19
20 20
21 21
22 22
23 23
24 24
25 25
26 26
27 27
28 28
29 29
30 30
31 31
32 32
33 33
34 34
35 35
36 36
37 37
38 38
39 39
40 40
41 41
42 42
43 43
44 44
45 45
46 46
47 47
48 48
49 49
50 50
51 51
52 52
53 53
54 54
55 55
56 56
57 57
58 58
59 59
60 60
61 61
62 62
63 63
64 64
65 65
66 66
67 67
68 68
69 69
70 70
71 71
72 72
73 73
74 74
75 75
76 76
77 77
78 78
79 79
80 80
81 81
82 82
83 83
84 84
85 85
86 86
87 87
88 88
89 89
90 90
91 91
92 92
93 93
94 94
95 95
96 96
97 97
98 98
99 99
100 100
101 101
102 102
103 103
104 104
105 105
106 106
107 107
108 108
109 109
110 110
111 111
112 112
113 113
114 114
115 115
116 116
117 117
118 118
119 119
120 120
121 121
122 122
123 123
124 124
125 125
0
1
PART-1-1
64
1 1
2 2
3 3
4 4
5 5
6 6
7 7
8 8
9 9
10 10
11 11
12 12
13 13
14 14
15 15
16 16
17 17
18 18
19 19
20 20
21 21
22 22
23 23
24 24
25 25
26 26
27 27
28 28
29 29
30 30
31 31
32 32
33 33
34 34
35 35
36 36
37 37
38 38
39 39
40 40
41 41
42 42
43 43
44 44
45 45
46 46
47 47
48 48
49 49
50 50
51 51
52 52
53 53
54 54
55 55
56 56
57 57
58 58
59 59
60 60
61 61
62 62
63 63
64 64
1 1
2 2
3 3
4 4
5 5
6 6
7 7
8 8
9 9
10 10
11 11
12 12
13 13
14 14
15 15
16 16
17 17
18 18
19 19
20 20
21 21
22 22
23 23
24 24
25 25
26 26
27 27
28 28
29 29
30 30
31 31
32 32
33 33
34 34
35 35
36 36
37 37
38 38
39 39
40 40
41 41
42 42
43 43
44 44
45 45
46 46
47 47
48 48
49 49
50 50
51 51
52 52
53 53
54 54
55 55
56 56
57 57
58 58
59 59
60 60
61 61
62 62
63 63
64 64
0
2
SET-101
0
1
0
1
PART-1-1
16
13 14 15 16 29 30 31 32 45 46 47 48 61 62 63 64 
0
SET-102
0
1
0
1
PART-1-1
16
1 2 3 4 17 18 19 20 33 34 35 36 49 50 51 52 
0
1
PART-1-1
1
SET-1
0
1
64
1 2 3 4 5 6 7 8 9 10 11 12 13 14 15 16 17 18 19 20 21 22 23 24 25 26 27 28 29 30 31 32 33 34 35 36 37 38 39 40 41 42 43 44 45 46 47 48 49 50 51 52 53 54 55 56 57 58 59 60 61 62 63 64 
0
0
0
102
SET-101
0
1
0
1
PART-1-1
25
21 22 23 24 25 46 47 48 49 50 71 72 73 74 75 96 97 98 99 100 121 122 123 124 125 
0
SET-102
0
1
0
1
PART-1-1
25
1 2 3 4 5 26 27 28 29 30 51 52 53 54 55 76 77 78 79 80 101 102 103 104 105 
0
SET_0FB1
0
1
0
1
PART-1-1
1
101 
0
SET_0FB10
0
1
0
1
PART-1-1
1
110 
0
SET_0FB11
0
1
0
1
PART-1-1
1
111 
0
SET_0FB12
0
1
0
1
PART-1-1
1
112 
0
SET_0FB13
0
1
0
1
PART-1-1
1
113 
0
SET_0FB14
0
1
0
1
PART-1-1
1
114 
0
SET_0FB15
0
1
0
1
PART-1-1
1
115 
0
SET_0FB16
0
1
0
1
PART-1-1
1
116 
0
SET_0FB17
0
1
0
1
PART-1-1
1
117 
0
SET_0FB18
0
1
0
1
PART-1-1
1
118 
0
SET_0FB19
0
1
0
1
PART-1-1
1
119 
0
SET_0FB2
0
1
0
1
PART-1-1
1
102 
0
SET_0FB20
0
1
0
1
PART-1-1
1
120 
0
SET_0FB21
0
1
0
1
PART-1-1
1
121 
0
SET_0FB22
0
1
0
1
PART-1-1
1
122 
0
SET_0FB23
0
1
0
1
PART-1-1
1
123 
0
SET_0FB24
0
1
0
1
PART-1-1
1
124 
0
SET_0FB25
0
1
0
1
PART-1-1
1
125 
0
SET_0FB3
0
1
0
1
PART-1-1
1
103 
0
SET_0FB4
0
1
0
1
PART-1-1
1
104 
0
SET_0FB5
0
1
0
1
PART-1-1
1
105 
0
SET_0FB6
0
1
0
1
PART-1-1
1
106 
0
SET_0FB7
0
1
0
1
PART-1-1
1
107 
0
SET_0FB8
0
1
0
1
PART-1-1
1
108 
0
SET_0FB9
0
1
0
1
PART-1-1
1
109 
0
SET_0RL1
0
1
0
1
PART-1-1
1
1 
0
SET_0RL10
0
1
0
1
PART-1-1
1
46 
0
SET_0RL11
0
1
0
1
PART-1-1
1
51 
0
SET_0RL12
0
1
0
1
PART-1-1
1
56 
0
SET_0RL13
0
1
0
1
PART-1-1
1
61 
0
SET_0RL14
0
1
0
1
PART-1-1
1
66 
0
SET_0RL15
0
1
0
1
PART-1-1
1
71 
0
SET_0RL16
0
1
0
1
PART-1-1
1
76 
0
SET_0RL17
0
1
0
1
PART-1-1
1
81 
0
SET_0RL18
0
1
0
1
PART-1-1
1
86 
0
SET_0RL19
0
1
0
1
PART-1-1
1
91 
0
SET_0RL2
0
1
0
1
PART-1-1
1
6 
0
SET_0RL20
0
1
0
1
PART-1-1
1
96 
0
SET_0RL21
0
1
0
1
PART-1-1
1
101 
0
SET_0RL22
0
1
0
1
PART-1-1
1
106 
0
SET_0RL23
0
1
0
1
PART-1-1
1
111 
0
SET_0RL24
0
1
0
1
PART-1-1
1
116 
0
SET_0RL25
0
1
0
1
PART-1-1
1
121 
0
SET_0RL3
0
1
0
1
PART-1-1
1
11 
0
SET_0RL4
0
1
0
1
PART-1-1
1
16 
0
SET_0RL5
0
1
0
1
PART-1-1
1
21 
0
SET_0RL6
0
1
0
1
PART-1-1
1
26 
0
SET_0RL7
0
1
0
1
PART-1-1
1
31 
0
SET_0RL8
0
1
0
1
PART-1-1
1
36 
0
SET_0RL9
0
1
0
1
PART-1-1
1
41 
0
SET_1FB1
0
1
0
1
PART-1-1
1
1 
0
SET_1FB10
0
1
0
1
PART-1-1
1
10 
0
SET_1FB11
0
1
0
1
PART-1-1
1
11 
0
SET_1FB12
0
1
0
1
PART-1-1
1
12 
0
SET_1FB13
0
1
0
1
PART-1-1
1
13 
0
SET_1FB14
0
1
0
1
PART-1-1
1
14 
0
SET_1FB15
0
1
0
1
PART-1-1
1
15 
0
SET_1FB16
0
1
0
1
PART-1-1
1
16 
0
SET_1FB17
0
1
0
1
PART-1-1
1
17 
0
SET_1FB18
0
1
0
1
PART-1-1
1
18 
0
SET_1FB19
0
1
0
1
PART-1-1
1
19 
0
SET_1FB2
0
1
0
1
PART-1-1
1
2 
0
SET_1FB20
0
1
0
1
PART-1-1
1
20 
0
SET_1FB21
0
1
0
1
PART-1-1
1
21 
0
SET_1FB22
0
1
0
1
PART-1-1
1
22 
0
SET_1FB23
0
1
0
1
PART-1-1
1
23 
0
SET_1FB24
0
1
0
1
PART-1-1
1
24 
0
SET_1FB25
0
1
0
1
PART-1-1
1
25 
0
SET_1FB3
0
1
0
1
PART-1-1
1
3 
0
SET_1FB4
0
1
0
1
PART-1-1
1
4 
0
SET_1FB5
0
1
0
1
PART-1-1
1
5 
0
SET_1FB6
0
1
0
1
PART-1-1
1
6 
0
SET_1FB7
0
1
0
1
PART-1-1
1
7 
0
SET_1FB8
0
1
0
1
PART-1-1
1
8 
0
SET_1FB9
0
1
0
1
PART-1-1
1
9 
0
SET_1RL1
0
1
0
1
PART-1-1
1
5 
0
SET_1RL10
0
1
0
1
PART-1-1
1
50 
0
SET_1RL11
0
1
0
1
PART-1-1
1
55 
0
SET_1RL12
0
1
0
1
PART-1-1
1
60 
0
SET_1RL13
0
1
0
1
PART-1-1
1
65 
0
SET_1RL14
0
1
0
1
PART-1-1
1
70 
0
SET_1RL15
0
1
0
1
PART-1-1
1
75 
0
SET_1RL16
0
1
0
1
PART-1-1
1
80 
0
SET_1RL17
0
1
0
1
PART-1-1
1
85 
0
SET_1RL18
0
1
0
1
PART-1-1
1
90 
0
SET_1RL19
0
1
0
1
PART-1-1
1
95 
0
SET_1RL2
0
1
0
1
PART-1-1
1
10 
0
SET_1RL20
0
1
0
1
PART-1-1
1
100 
0
SET_1RL21
0
1
0
1
PART-1-1
1
105 
0
SET_1RL22
0
1
0
1
PART-1-1
1
110 
0
SET_1RL23
0
1
0
1
PART-1-1
1
115 
0
SET_1RL24
0
1
0
1
PART-1-1
1
120 
0
SET_1RL25
0
1
0
1
PART-1-1
1
125 
0
SET_1RL3
0
1
0
1
PART-1-1
1
15 
0
SET_1RL4
0
1
0
1
PART-1-1
1
20 
0
SET_1RL5
0
1
0
1
PART-1-1
1
25 
0
SET_1RL6
0
1
0
1
PART-1-1
1
30 
0
SET_1RL7
0
1
0
1
PART-1-1
1
35 
0
SET_1RL8
0
1
0
1
PART-1-1
1
40 
0
SET_1RL9
0
1
0
1
PART-1-1
1
45 
0
1
PART-1-1
1
SET-1
0
1
125
1 2 3 4 5 6 7 8 9 10 11 12 13 14 15 16 17 18 19 20 21 22 23 24 25 26 27 28 29 30 31 32 33 34 35 36 37 38 39 40 41 42 43 44 45 46 47 48 49 50 51 52 53 54 55 56 57 58 59 60 61 62 63 64 65 66 67 68 69 70 71 72 73 74 75 76 77 78 79 80 81 82 83 84 85 86 87 88 89 90 91 92 93 94 95 96 97 98 99 100 101 102 103 104 105 106 107 108 109 110 111 112 113 114 115 116 117 118 119 120 121 122 123 124 125 
0
0
0
0
0
